c:\sorting\tx-lib\x64\debug\tx-lib.pdb
c:\sorting\tx-lib\x64\debug\tx-lib.idb
c:\sorting\tx-lib\x64\debug\base.obj
c:\sorting\tx-lib\x64\debug\tx-lib.lib
c:\sorting\tx-lib\x64\debug\vc143.idb
c:\sorting\tx-lib\x64\debug\vc143.pdb
c:\sorting\tx-lib\x64\debug\tx-lib.tlog\cl.command.1.tlog
c:\sorting\tx-lib\x64\debug\tx-lib.tlog\cl.read.1.tlog
c:\sorting\tx-lib\x64\debug\tx-lib.tlog\cl.write.1.tlog
c:\sorting\tx-lib\x64\debug\tx-lib.tlog\lib-link.write.1.tlog
c:\sorting\tx-lib\x64\debug\tx-lib.tlog\lib.command.1.tlog
c:\sorting\tx-lib\x64\debug\tx-lib.tlog\lib.read.1.tlog
c:\sorting\tx-lib\x64\debug\tx-lib.tlog\link-cvtres.read.1.tlog
c:\sorting\tx-lib\x64\debug\tx-lib.tlog\link-cvtres.write.1.tlog
c:\sorting\tx-lib\x64\debug\tx-lib.tlog\link-rc.read.1.tlog
c:\sorting\tx-lib\x64\debug\tx-lib.tlog\link-rc.write.1.tlog
c:\sorting\tx-lib\x64\debug\tx-lib.tlog\link.command.1.tlog
c:\sorting\tx-lib\x64\debug\tx-lib.tlog\link.read.1.tlog
c:\sorting\tx-lib\x64\debug\tx-lib.tlog\link.read.2.tlog
c:\sorting\tx-lib\x64\debug\tx-lib.tlog\link.read.3.tlog
c:\sorting\tx-lib\x64\debug\tx-lib.tlog\link.write.1.tlog
